make all --print-data-base --no-builtin-variables --no-builtin-rules --question
# GNU Make 4.3
 
# Built for x86_64-pc-linux-gnu
# Copyright (C) 1988-2020 Free Software Foundation, Inc.
# License GPLv3+: GNU GPL version 3 or later <http://gnu.org/licenses/gpl.html>
# This is free software: you are free to change and redistribute it.
# There is NO WARRANTY, to the extent permitted by law.

# Make data base, printed on Thu Mar  9 14:33:48 2023

# Variables

# environment
GDK_BACKEND = x11
# environment
LC_ALL = C
# environment
GNOME_KEYRING_CONTROL = /run/user/1000/keyring
# makefile (from 'Makefile', line 3)
TARGET_PO = pointers
# environment
LC_NAME = sl_SI.UTF-8
# environment
LC_NUMERIC = sl_SI.UTF-8
# environment
VSCODE_CWD = /home/simon/Desktop/primeri
# makefile (from 'Makefile', line 2)
TARGET_ST_32 = structures_32
# environment
LC_ADDRESS = sl_SI.UTF-8
# environment
GDM_LANG = en_US
# default
MAKE_COMMAND := make
# environment
QT_ACCESSIBILITY = 1
# automatic
@D = $(patsubst %/,%,$(dir $@))
# environment
VSCODE_HANDLES_UNCAUGHT_ERRORS = true
# default
.VARIABLES := 
# environment
PWD = /home/simon/Desktop/primeri
# automatic
%D = $(patsubst %/,%,$(dir $%))
# environment
XDG_DATA_DIRS = /usr/share/xubuntu:/usr/share/xfce4:/usr/local/share:/usr/share:/var/lib/snapd/desktop:/usr/share
# automatic
^D = $(patsubst %/,%,$(dir $^))
# automatic
%F = $(notdir $%)
# environment
CONDA_PROMPT_MODIFIER = (base) 
# environment
VSCODE_CODE_CACHE_PATH = /home/simon/.config/Code/CachedData/441438abd1ac652551dbe4d408dfcec8a499b8bf
# environment
XDG_SESSION_PATH = /org/freedesktop/DisplayManager/Session0
# environment
LANG = C
# environment
XAUTHORITY = /home/simon/.Xauthority
# default
.LOADED := 
# default
.INCLUDE_DIRS = /usr/local/include /usr/include /usr/include
# makefile
MAKEFLAGS = pqrR
# makefile
CURDIR := /home/simon/Desktop/primeri
# environment
APPLICATION_INSIGHTS_NO_DIAGNOSTIC_CHANNEL = 1
# environment
LESSOPEN = | /usr/bin/lesspipe %s
# automatic
*D = $(patsubst %/,%,$(dir $*))
# environment
MFLAGS = -pqrR
# environment
SSH_AUTH_SOCK = /run/user/1000/keyring/ssh
# default
.SHELLFLAGS := -c
# environment
XDG_CONFIG_DIRS = /etc/xdg/xdg-xubuntu:/etc/xdg:/etc/xdg
# automatic
+D = $(patsubst %/,%,$(dir $+))
# environment
XDG_SESSION_DESKTOP = xubuntu
# makefile (from 'Makefile', line 1)
MAKEFILE_LIST := Makefile
# environment
CONDA_SHLVL = 1
# automatic
@F = $(notdir $@)
# environment
VSCODE_PID = 2069
# environment
XDG_SESSION_TYPE = x11
# automatic
?D = $(patsubst %/,%,$(dir $?))
# environment
CLUTTER_BACKEND = x11
# environment
CONDA_PYTHON_EXE = /home/simon/anaconda3/bin/python
# environment
SESSION_MANAGER = local/simon-vm:@/tmp/.ICE-unix/805,unix/simon-vm:/tmp/.ICE-unix/805
# automatic
*F = $(notdir $*)
# environment
QT_QPA_PLATFORMTHEME = gtk2
# environment
CHROME_DESKTOP = code-url-handler.desktop
# environment
DBUS_SESSION_BUS_ADDRESS = unix:path=/run/user/1000/bus
# automatic
<D = $(patsubst %/,%,$(dir $<))
# environment
VSCODE_NLS_CONFIG = {"locale":"en-us","availableLanguages":{},"_languagePackSupport":true}
# default
MAKE_HOST := x86_64-pc-linux-gnu
# environment
CONDA_PREFIX = /home/simon/anaconda3
# makefile
SHELL = /bin/sh
# default
MAKECMDGOALS := all
# environment
SHLVL = 0
# environment
MAKELEVEL := 0
# default
MAKE = $(MAKE_COMMAND)
# environment
PATH = /home/simon/.local/bin:/home/simon/anaconda3/bin:/home/simon/anaconda3/condabin:/home/simon/.local/bin:/usr/local/sbin:/usr/local/bin:/usr/sbin:/usr/bin:/sbin:/bin:/usr/games:/usr/local/games:/snap/bin
# default
MAKEFILES := 
# environment
LANGUAGE = en_US
# environment
LC_MONETARY = sl_SI.UTF-8
# automatic
^F = $(notdir $^)
# environment
LC_TIME = sl_SI.UTF-8
# environment
LC_TELEPHONE = sl_SI.UTF-8
# environment
LESSCLOSE = /usr/bin/lesspipe %s %s
# automatic
?F = $(notdir $?)
# environment
XDG_SEAT = seat0
# environment
XDG_CURRENT_DESKTOP = XFCE
# automatic
+F = $(notdir $+)
# environment
XDG_SEAT_PATH = /org/freedesktop/DisplayManager/Seat0
# environment
DESKTOP_SESSION = xubuntu
# makefile (from 'Makefile', line 1)
TARGET_ST = structures
# environment
ORIGINAL_XDG_CURRENT_DESKTOP = XFCE
# 'override' directive
GNUMAKEFLAGS := 
# environment
CONDA_DEFAULT_ENV = base
# environment
LOGNAME = simon
# environment
GIO_LAUNCHED_DESKTOP_FILE = /usr/share/applications/code.desktop
# environment
XDG_VTNR = 7
# makefile
.DEFAULT_GOAL := all
# environment
DISPLAY = :0
# environment
USER = simon
# default
MAKE_VERSION := 4.3
# environment
DEBUGINFOD_URLS = https://debuginfod.ubuntu.com 
# environment
LC_MEASUREMENT = sl_SI.UTF-8
# environment
GIO_LAUNCHED_DESKTOP_FILE_PID = 2069
# environment
_ = /usr/share/code/code
# environment
LC_PAPER = sl_SI.UTF-8
# environment
XDG_RUNTIME_DIR = /run/user/1000
# makefile (from 'Makefile', line 6)
CFLAGS = -g -Wall -Wextra -Werror -Wpedantic
# environment
GPG_AGENT_INFO = /run/user/1000/gnupg/S.gpg-agent:0:1
# environment
GTK_OVERLAY_SCROLLING = 0
# makefile (from 'Makefile', line 4)
TARGET_BI = bits
# environment
XDG_SESSION_CLASS = user
# environment
VSCODE_AMD_ENTRYPOINT = vs/workbench/api/node/extensionHostProcess
# environment
HOME = /home/simon
# environment
ELECTRON_RUN_AS_NODE = 1
# environment
VSCODE_IPC_HOOK = /run/user/1000/vscode-1a88d1bc-1.75.1-main.sock
# environment
XDG_SESSION_ID = c1
# default
.RECIPEPREFIX := 
# automatic
<F = $(notdir $<)
# default
SUFFIXES := 
# environment
XDG_GREETER_DATA_DIR = /var/lib/lightdm-data/simon
# default
.FEATURES := target-specific order-only second-expansion else-if shortest-stem undefine oneshell nocomment grouped-target extra-prereqs archives jobserver output-sync check-symlink load
# makefile (from 'Makefile', line 5)
CC = gcc
# environment
XDG_MENU_PREFIX = xfce-
# environment
CONDA_EXE = /home/simon/anaconda3/bin/conda
# environment
GDMSESSION = xubuntu
# environment
LC_IDENTIFICATION = sl_SI.UTF-8
# variable set hash-table stats:
# Load=111/1024=11%, Rehash=0, Collisions=6/156=4%

# Pattern-specific Variable Values

# No pattern-specific variable values.

# Directories

# . (device 2051, inode 924693): 9 files, no impossibilities.

# 9 files, no impossibilities in 1 directories.

# Implicit Rules

# No implicit rules.

# Files

# Not a target:
Makefile:
#  Implicit rule search has been done.
#  Last modified 2023-03-01 14:59:10
#  File has been updated.
#  Successfully updated.

clean:
#  Implicit rule search has not been done.
#  Modification time never checked.
#  File has not been updated.
#  recipe to execute (from 'Makefile', line 40):
	if [ -f $(TARGET_ST) ]; then rm $(TARGET_ST); fi
	if [ -f $(TARGET_ST_32) ]; then rm $(TARGET_ST_32); fi
	if [ -f $(TARGET_PO) ]; then rm $(TARGET_PO); fi
	if [ -f $(TARGET_BI) ]; then rm $(TARGET_BI); fi

# Not a target:
.DEFAULT:
#  Implicit rule search has not been done.
#  Modification time never checked.
#  File has not been updated.

all: build run
#  Command line target.
#  Implicit rule search has been done.
#  File does not exist.
#  File has been updated.
 
#  Needs to be updated (-q is set).
 
# variable set hash-table stats:
# Load=0/32=0%, Rehash=0, Collisions=0/15=0%

run:
#  Implicit rule search has not been done.
#  Modification time never checked.
#  File has not been updated.
#  recipe to execute (from 'Makefile', line 19):
	@echo
	@echo "RUN structures"
	@echo "=============="
	@./$(TARGET_ST)
	@echo
	@echo "RUN structures_32"
	@echo "================="
	@./$(TARGET_ST_32)
	@echo
	@echo "RUN pointers"
	@echo "============"
	@./$(TARGET_PO)
	@echo
	@echo "RUN bits"
	@echo "========"
	@./$(TARGET_BI)
 

build:
#  Implicit rule search has not been done.
#  Implicit/static pattern stem: ''
#  File does not exist.
#  File has been updated.
#  Needs to be updated (-q is set).
# automatic
# @ := build
# automatic
# * := 
# automatic
# < := 
# automatic
# + := 
# automatic
# % := 
# automatic
# ^ := 
# automatic
# ? := 
# automatic
# | := 
# variable set hash-table stats:
# Load=8/32=25%, Rehash=0, Collisions=7/23=30%
#  recipe to execute (from 'Makefile', line 11):
	@echo "BUILD"
	@echo "====="
	$(CC) $(CFLAGS) -o $(TARGET_ST) structures.c
	$(CC) $(CFLAGS) -m32 -Wno-format -o $(TARGET_ST_32) structures.c
	$(CC) $(CFLAGS) -o $(TARGET_PO) pointers.c
	$(CC) $(CFLAGS) -o $(TARGET_BI) bits.c

# Not a target:
.SUFFIXES:
#  Implicit rule search has not been done.
#  Modification time never checked.
#  File has not been updated.

# files hash-table stats:
# Load=7/1024=1%, Rehash=0, Collisions=0/23=0%
# VPATH Search Paths

# No 'vpath' search paths.

# No general ('VPATH' variable) search path.

# strcache buffers: 1 (0) / strings = 17 / storage = 149 B / avg = 8 B
# current buf: size = 8162 B / used = 149 B / count = 17 / avg = 8 B

# strcache performance: lookups = 29 / hit rate = 41%
# hash-table stats:
# Load=17/8192=0%, Rehash=0, Collisions=0/29=0%
# Finished Make data base on Thu Mar  9 14:33:48 2023

 
